[2.393s] DEBUG:colcon:Command line arguments: ['/usr/bin/colcon', 'build', '--packages-select', 'py_control_servo']
[2.394s] DEBUG:colcon:Parsed command line arguments: Namespace(ament_cmake_args=None, base_paths=['.'], build_base='build', catkin_cmake_args=None, catkin_skip_building_tests=False, cmake_args=None, cmake_clean_cache=False, cmake_clean_first=False, cmake_force_configure=False, cmake_target=None, cmake_target_skip_unavailable=False, continue_on_error=False, event_handlers=None, executor='parallel', ignore_user_meta=False, install_base='install', log_base=None, log_level=None, main=<bound method BuildVerb.main of <colcon_core.verb.build.BuildVerb object at 0xffff84075a00>>, merge_install=False, metas=['./colcon.meta'], packages_above=None, packages_above_and_dependencies=None, packages_above_depth=None, packages_end=None, packages_ignore=None, packages_ignore_regex=None, packages_select=['py_control_servo'], packages_select_build_failed=False, packages_select_by_dep=None, packages_select_regex=None, packages_select_test_failures=False, packages_skip=None, packages_skip_build_finished=False, packages_skip_by_dep=None, packages_skip_regex=None, packages_skip_test_passed=False, packages_skip_up_to=None, packages_start=None, packages_up_to=None, packages_up_to_regex=None, parallel_workers=4, paths=None, symlink_install=False, test_result_base=None, verb_extension=<colcon_core.verb.build.BuildVerb object at 0xffff84075a00>, verb_name='build', verb_parser=<colcon_defaults.argument_parser.defaults.DefaultArgumentsDecorator object at 0xffff84075f70>)
[2.439s] Level 1:colcon.colcon_core.package_discovery:discover_packages(colcon_meta) check parameters
[2.440s] Level 1:colcon.colcon_core.package_discovery:discover_packages(recursive) check parameters
[2.441s] Level 1:colcon.colcon_core.package_discovery:discover_packages(ignore) check parameters
[2.441s] Level 1:colcon.colcon_core.package_discovery:discover_packages(path) check parameters
[2.442s] Level 1:colcon.colcon_core.package_discovery:discover_packages(colcon_meta) discover
[2.442s] Level 1:colcon.colcon_core.package_discovery:discover_packages(recursive) discover
[2.443s] INFO:colcon.colcon_core.package_discovery:Crawling recursively for packages in '/home/ubuntu/turtlebot3_ws/src/py_control_servo'
[2.444s] Level 1:colcon.colcon_core.package_identification:_identify(.) by extensions ['ignore', 'ignore_ament_install']
[2.445s] Level 1:colcon.colcon_core.package_identification:_identify(.) by extension 'ignore'
[2.446s] Level 1:colcon.colcon_core.package_identification:_identify(.) by extension 'ignore_ament_install'
[2.446s] Level 1:colcon.colcon_core.package_identification:_identify(.) by extensions ['colcon_pkg']
[2.447s] Level 1:colcon.colcon_core.package_identification:_identify(.) by extension 'colcon_pkg'
[2.447s] Level 1:colcon.colcon_core.package_identification:_identify(.) by extensions ['colcon_meta']
[2.447s] Level 1:colcon.colcon_core.package_identification:_identify(.) by extension 'colcon_meta'
[2.448s] Level 1:colcon.colcon_core.package_identification:_identify(.) by extensions ['ros']
[2.448s] Level 1:colcon.colcon_core.package_identification:_identify(.) by extension 'ros'
[2.550s] DEBUG:colcon.colcon_core.package_identification:Package '.' with type 'ros.ament_python' and name 'py_control_servo'
[2.551s] Level 1:colcon.colcon_core.package_discovery:discover_packages(recursive) using defaults
[2.551s] Level 1:colcon.colcon_core.package_discovery:discover_packages(ignore) discover
[2.551s] Level 1:colcon.colcon_core.package_discovery:discover_packages(ignore) using defaults
[2.552s] Level 1:colcon.colcon_core.package_discovery:discover_packages(path) discover
[2.552s] Level 1:colcon.colcon_core.package_discovery:discover_packages(path) using defaults
[2.712s] Level 5:colcon.colcon_core.verb:set package 'py_control_servo' build argument 'cmake_args' from command line to 'None'
[2.712s] Level 5:colcon.colcon_core.verb:set package 'py_control_servo' build argument 'cmake_target' from command line to 'None'
[2.713s] Level 5:colcon.colcon_core.verb:set package 'py_control_servo' build argument 'cmake_target_skip_unavailable' from command line to 'False'
[2.713s] Level 5:colcon.colcon_core.verb:set package 'py_control_servo' build argument 'cmake_clean_cache' from command line to 'False'
[2.713s] Level 5:colcon.colcon_core.verb:set package 'py_control_servo' build argument 'cmake_clean_first' from command line to 'False'
[2.714s] Level 5:colcon.colcon_core.verb:set package 'py_control_servo' build argument 'cmake_force_configure' from command line to 'False'
[2.714s] Level 5:colcon.colcon_core.verb:set package 'py_control_servo' build argument 'ament_cmake_args' from command line to 'None'
[2.714s] Level 5:colcon.colcon_core.verb:set package 'py_control_servo' build argument 'catkin_cmake_args' from command line to 'None'
[2.714s] Level 5:colcon.colcon_core.verb:set package 'py_control_servo' build argument 'catkin_skip_building_tests' from command line to 'False'
[2.715s] DEBUG:colcon.colcon_core.verb:Building package 'py_control_servo' with the following arguments: {'ament_cmake_args': None, 'build_base': '/home/ubuntu/turtlebot3_ws/src/py_control_servo/build/py_control_servo', 'catkin_cmake_args': None, 'catkin_skip_building_tests': False, 'cmake_args': None, 'cmake_clean_cache': False, 'cmake_clean_first': False, 'cmake_force_configure': False, 'cmake_target': None, 'cmake_target_skip_unavailable': False, 'install_base': '/home/ubuntu/turtlebot3_ws/src/py_control_servo/install/py_control_servo', 'merge_install': False, 'path': '/home/ubuntu/turtlebot3_ws/src/py_control_servo', 'symlink_install': False, 'test_result_base': None}
[2.717s] INFO:colcon.colcon_core.executor:Executing jobs using 'parallel' executor
[2.731s] DEBUG:colcon.colcon_parallel_executor.executor.parallel:run_until_complete
[2.733s] INFO:colcon.colcon_ros.task.ament_python.build:Building ROS package in '/home/ubuntu/turtlebot3_ws/src/py_control_servo' with build type 'ament_python'
[2.734s] Level 1:colcon.colcon_core.shell:create_environment_hook('py_control_servo', 'ament_prefix_path')
[2.763s] INFO:colcon.colcon_core.plugin_system:Skipping extension 'colcon_core.shell.bat': Not used on non-Windows systems
[2.764s] INFO:colcon.colcon_core.shell:Creating environment hook '/home/ubuntu/turtlebot3_ws/src/py_control_servo/install/py_control_servo/share/py_control_servo/hook/ament_prefix_path.ps1'
[2.769s] INFO:colcon.colcon_core.shell:Creating environment descriptor '/home/ubuntu/turtlebot3_ws/src/py_control_servo/install/py_control_servo/share/py_control_servo/hook/ament_prefix_path.dsv'
[2.773s] INFO:colcon.colcon_core.shell:Creating environment hook '/home/ubuntu/turtlebot3_ws/src/py_control_servo/install/py_control_servo/share/py_control_servo/hook/ament_prefix_path.sh'
[2.781s] INFO:colcon.colcon_core.shell:Skip shell extension 'powershell' for command environment: Not usable outside of PowerShell
[2.781s] DEBUG:colcon.colcon_core.shell:Skip shell extension 'dsv' for command environment
[2.807s] DEBUG:colcon.colcon_core.shell:Ignoring prefix path '/opt/ros/foxy'
[4.595s] INFO:colcon.colcon_core.task.python.build:Building Python package in '/home/ubuntu/turtlebot3_ws/src/py_control_servo'
[4.599s] INFO:colcon.colcon_core.shell:Skip shell extension 'powershell' for command environment: Not usable outside of PowerShell
[4.600s] DEBUG:colcon.colcon_core.shell:Skip shell extension 'dsv' for command environment
[4.619s] DEBUG:colcon.colcon_core.shell:Ignoring prefix path '/opt/ros/foxy'
[4.655s] DEBUG:colcon.colcon_core.event_handler.log_command:Invoking command in '/home/ubuntu/turtlebot3_ws/src/py_control_servo': PYTHONPATH=/home/ubuntu/turtlebot3_ws/src/py_control_servo/install/py_control_servo/lib/python3.8/site-packages:${PYTHONPATH} /usr/bin/python3 setup.py egg_info --egg-base build/py_control_servo build --build-base /home/ubuntu/turtlebot3_ws/src/py_control_servo/build/py_control_servo/build install --prefix /home/ubuntu/turtlebot3_ws/src/py_control_servo/install/py_control_servo --record /home/ubuntu/turtlebot3_ws/src/py_control_servo/build/py_control_servo/install.log --single-version-externally-managed
[7.025s] DEBUG:colcon.colcon_core.event_handler.log_command:Invoked command in '/home/ubuntu/turtlebot3_ws/src/py_control_servo' returned '0': PYTHONPATH=/home/ubuntu/turtlebot3_ws/src/py_control_servo/install/py_control_servo/lib/python3.8/site-packages:${PYTHONPATH} /usr/bin/python3 setup.py egg_info --egg-base build/py_control_servo build --build-base /home/ubuntu/turtlebot3_ws/src/py_control_servo/build/py_control_servo/build install --prefix /home/ubuntu/turtlebot3_ws/src/py_control_servo/install/py_control_servo --record /home/ubuntu/turtlebot3_ws/src/py_control_servo/build/py_control_servo/install.log --single-version-externally-managed
[7.050s] Level 1:colcon.colcon_core.environment:checking '/home/ubuntu/turtlebot3_ws/src/py_control_servo/install/py_control_servo' for CMake module files
[7.054s] Level 1:colcon.colcon_core.environment:checking '/home/ubuntu/turtlebot3_ws/src/py_control_servo/install/py_control_servo' for CMake config files
[7.060s] Level 1:colcon.colcon_core.environment:checking '/home/ubuntu/turtlebot3_ws/src/py_control_servo/install/py_control_servo/lib'
[7.062s] Level 1:colcon.colcon_core.environment:checking '/home/ubuntu/turtlebot3_ws/src/py_control_servo/install/py_control_servo/bin'
[7.063s] Level 1:colcon.colcon_core.environment:checking '/home/ubuntu/turtlebot3_ws/src/py_control_servo/install/py_control_servo/lib/pkgconfig/py_control_servo.pc'
[7.064s] Level 1:colcon.colcon_core.environment:checking '/home/ubuntu/turtlebot3_ws/src/py_control_servo/install/py_control_servo/lib/python3.8/site-packages'
[7.064s] Level 1:colcon.colcon_core.shell:create_environment_hook('py_control_servo', 'pythonpath')
[7.068s] INFO:colcon.colcon_core.shell:Creating environment hook '/home/ubuntu/turtlebot3_ws/src/py_control_servo/install/py_control_servo/share/py_control_servo/hook/pythonpath.ps1'
[7.072s] INFO:colcon.colcon_core.shell:Creating environment descriptor '/home/ubuntu/turtlebot3_ws/src/py_control_servo/install/py_control_servo/share/py_control_servo/hook/pythonpath.dsv'
[7.074s] INFO:colcon.colcon_core.shell:Creating environment hook '/home/ubuntu/turtlebot3_ws/src/py_control_servo/install/py_control_servo/share/py_control_servo/hook/pythonpath.sh'
[7.077s] Level 1:colcon.colcon_core.environment:create_environment_scripts_only(py_control_servo)
[7.082s] INFO:colcon.colcon_core.shell:Creating package script '/home/ubuntu/turtlebot3_ws/src/py_control_servo/install/py_control_servo/share/py_control_servo/package.ps1'
[7.089s] INFO:colcon.colcon_core.shell:Creating package descriptor '/home/ubuntu/turtlebot3_ws/src/py_control_servo/install/py_control_servo/share/py_control_servo/package.dsv'
[7.094s] INFO:colcon.colcon_core.shell:Creating package script '/home/ubuntu/turtlebot3_ws/src/py_control_servo/install/py_control_servo/share/py_control_servo/package.sh'
[7.100s] INFO:colcon.colcon_core.shell:Creating package script '/home/ubuntu/turtlebot3_ws/src/py_control_servo/install/py_control_servo/share/py_control_servo/package.bash'
[7.106s] INFO:colcon.colcon_core.shell:Creating package script '/home/ubuntu/turtlebot3_ws/src/py_control_servo/install/py_control_servo/share/py_control_servo/package.zsh'
[7.112s] Level 1:colcon.colcon_core.environment:create_file_with_runtime_dependencies(/home/ubuntu/turtlebot3_ws/src/py_control_servo/install/py_control_servo/share/colcon-core/packages/py_control_servo)
[7.115s] DEBUG:colcon.colcon_parallel_executor.executor.parallel:closing loop
[7.117s] DEBUG:colcon.colcon_parallel_executor.executor.parallel:loop closed
[7.118s] DEBUG:colcon.colcon_parallel_executor.executor.parallel:run_until_complete finished with '0'
[7.119s] DEBUG:colcon.colcon_core.event_reactor:joining thread
[7.161s] INFO:colcon.colcon_core.plugin_system:Skipping extension 'colcon_notification.desktop_notification.notify_send': Could not find 'notify-send'
[7.162s] INFO:colcon.colcon_core.plugin_system:Skipping extension 'colcon_notification.desktop_notification.terminal_notifier': Not used on non-Darwin systems
[7.163s] INFO:colcon.colcon_core.plugin_system:Skipping extension 'colcon_notification.desktop_notification.win32': Not used on non-Windows systems
[7.164s] INFO:colcon.colcon_notification.desktop_notification:Sending desktop notification using 'notify2'
[7.168s] DEBUG:colcon.colcon_notification.desktop_notification.notify2:Failed to initialize notify2: org.freedesktop.DBus.Error.ServiceUnknown: The name org.freedesktop.Notifications was not provided by any .service files
[7.169s] DEBUG:colcon.colcon_core.event_reactor:joined thread
[7.173s] INFO:colcon.colcon_core.shell:Creating prefix script '/home/ubuntu/turtlebot3_ws/src/py_control_servo/install/local_setup.ps1'
[7.181s] INFO:colcon.colcon_core.shell:Creating prefix util module '/home/ubuntu/turtlebot3_ws/src/py_control_servo/install/_local_setup_util_ps1.py'
[7.193s] INFO:colcon.colcon_core.shell:Creating prefix chain script '/home/ubuntu/turtlebot3_ws/src/py_control_servo/install/setup.ps1'
[7.212s] INFO:colcon.colcon_core.shell:Creating prefix script '/home/ubuntu/turtlebot3_ws/src/py_control_servo/install/local_setup.sh'
[7.217s] INFO:colcon.colcon_core.shell:Creating prefix util module '/home/ubuntu/turtlebot3_ws/src/py_control_servo/install/_local_setup_util_sh.py'
[7.221s] INFO:colcon.colcon_core.shell:Creating prefix chain script '/home/ubuntu/turtlebot3_ws/src/py_control_servo/install/setup.sh'
[7.241s] INFO:colcon.colcon_core.shell:Creating prefix script '/home/ubuntu/turtlebot3_ws/src/py_control_servo/install/local_setup.bash'
[7.245s] INFO:colcon.colcon_core.shell:Creating prefix chain script '/home/ubuntu/turtlebot3_ws/src/py_control_servo/install/setup.bash'
[7.265s] INFO:colcon.colcon_core.shell:Creating prefix script '/home/ubuntu/turtlebot3_ws/src/py_control_servo/install/local_setup.zsh'
[7.269s] INFO:colcon.colcon_core.shell:Creating prefix chain script '/home/ubuntu/turtlebot3_ws/src/py_control_servo/install/setup.zsh'
